<?xml version="1.0" encoding="UTF-8"?>
<!-- Generated by org.testng.reporters.JUnitReportReporter -->
<testsuite hostname="DESKTOP-T8J3L8M" name="cz.mendelu.swi.eprieskumy.dao.DotaznikDaoTest" tests="1" failures="0" timestamp="2 May 2017 16:23:29 GMT" time="2.244" errors="0">
  <testcase name="testSave" time="2.244" classname="cz.mendelu.swi.eprieskumy.dao.DotaznikDaoTest"/>
</testsuite> <!-- cz.mendelu.swi.eprieskumy.dao.DotaznikDaoTest -->
